content_script.js:6286 [Violation] Added non-passive event listener to a scroll-blocking 'touchstart' event. Consider marking event handler as 'passive' to make the page more responsive. See https://www.chromestatus.com/feature/5745543795965952
（匿名） @ content_script.js:6286
Bp @ content_script.js:5879
AD @ content_script.js:5879
显示另外 3 个框架
收起
// 创建 WebSocket 连接
const socket = new WebSocket('ws://ems.hy-power.net:8888/E6F7D5412A20?d0bdae3f37de30f0a3386ca265b9dad07111a89679add764042f12ca60d017da2bc9de82cfcb45f59151e279661e6954639c4def137595e5e7350632baced8925503b37206c533afad17ad72120a814a');

// 监听连接建立
socket.onopen = function(event) {
    console.log('WebSocket连接已建立');
    
    // 向服务器发送订阅消息，订阅 "menu" 主题
    const subscribeMessage = JSON.stringify({ func: 'menu' });
    socket.send(subscribeMessage);
    console.log('已发送订阅请求:', subscribeMessage);
};

// 监听消息接收
socket.onmessage = function(event) {
    const data = event.data;

    try {
        // 如果收到的消息是 JSON 格式
        const json = JSON.parse(data);
        console.log('收到 JSON 消息:', json);

        // 根据数据处理和展示
        if (json.func === "menu" && json.data) {
            // 假设数据格式符合你之前给出的样例
            const menuData = json.data;
            Object.keys(menuData).forEach((deviceType) => {
                console.log(`设备类型: ${deviceType}`);
                menuData[deviceType].forEach((device) => {
                    console.log(`设备名称: ${device.chnName}, 英文名称: ${device.engName}`);
                });
            });
        }

    } catch (err) {
        // 如果收到的消息不是 JSON 格式
        if (data instanceof ArrayBuffer) {
            console.log('收到二进制消息:', new Uint8Array(data));
        } else {
            console.log('收到非 JSON 消息:', data);
        }
    }
};

// 监听错误
socket.onerror = function(error) {
    console.error('WebSocket 错误:', error);
};

// 监听连接关闭
socket.onclose = function() {
    console.log('WebSocket连接已关闭');
};

ƒ () {
    console.log('WebSocket连接已关闭');
}
VM2768:6 WebSocket连接已建立
VM2768:11 已发送订阅请求: {"func":"menu"}
VM2768:21 收到 JSON 消息: {func: 'menu', data: {…}}data: d_air_condition: Array(1)0: chnName: "海悟空调"dispIdx: 1engName: "air-conditioning"id: 1rtvList: Array(12)0: dispType: 7fieldChnName: "海悟空调 柜内温度（℃）"fieldEngName: "air-conditioning Cabinet temperature"fieldId: 413100fieldName: "rtv_other"hisIdx: 80hisPeriod: 1id: 413001100rowId: 1state: 0tableId: 413tableName: "d_air_condition"valueType: 7[[Prototype]]: Object1: dispType: 7fieldChnName: "海悟空调 内管温度（℃）"fieldEngName: "air-conditioning Inner tube temperature"fieldId: 413101fieldName: "rtv_other"hisIdx: 81hisPeriod: 1id: 413001101rowId: 1state: 0tableId: 413tableName: "d_air_condition"valueType: 7[[Prototype]]: Object2: dispType: 7fieldChnName: "海悟空调 外管温度（℃）"fieldEngName: "air-conditioning Outer tube temperature"fieldId: 413102fieldName: "rtv_other"hisIdx: 82hisPeriod: 1id: 413001102rowId: 1state: 0tableId: 413tableName: "d_air_condition"valueType: 7[[Prototype]]: Object3: {id: 413001105, tableId: 413, rowId: 1, fieldId: 413105, hisPeriod: 1, …}4: dispType: 7fieldChnName: "海悟空调 运行电流"fieldEngName: "air-conditioning Operating current"fieldId: 413106fieldName: "rtv_other"hisIdx: 84hisPeriod: 1id: 413001106rowId: 1state: 0tableId: 413tableName: "d_air_condition"valueType: 7[[Prototype]]: Object5: {id: 413001107, tableId: 413, rowId: 1, fieldId: 413107, hisPeriod: 1, …}6: {id: 413001108, tableId: 413, rowId: 1, fieldId: 413108, hisPeriod: 1, …}7: {id: 413001109, tableId: 413, rowId: 1, fieldId: 413109, hisPeriod: 1, …}8: dispType: 7fieldChnName: "海悟空调 制热温控回差"fieldEngName: "air-conditioning Heating temperature control back difference"fieldId: 413110fieldName: "rtv_other"hisIdx: 88hisPeriod: 1id: 413001110rowId: 1state: 0tableId: 413tableName: "d_air_condition"valueType: 7[[Prototype]]: Object9: {id: 413001111, tableId: 413, rowId: 1, fieldId: 413111, hisPeriod: 1, …}10: {id: 413001112, tableId: 413, rowId: 1, fieldId: 413112, hisPeriod: 0, …}11: {id: 413001113, tableId: 413, rowId: 1, fieldId: 413113, hisPeriod: 0, …}length: 12[[Prototype]]: Array(0)tableChnName: "空调定义表"tableEngName: "Air condition define"tableId: 413tableName: "d_air_condition"[[Prototype]]: Objectlength: 1[[Prototype]]: Array(0)at: ƒ at()concat: ƒ concat()constructor: ƒ Array()copyWithin: ƒ copyWithin()entries: ƒ entries()every: ƒ every()fill: ƒ fill()filter: ƒ filter()find: ƒ find()findIndex: ƒ findIndex()findLast: ƒ findLast()findLastIndex: ƒ findLastIndex()flat: ƒ flat()flatMap: ƒ flatMap()forEach: ƒ forEach()includes: ƒ includes()indexOf: ƒ indexOf()join: ƒ join()keys: ƒ keys()lastIndexOf: ƒ lastIndexOf()length: 0map: ƒ map()pop: ƒ pop()push: ƒ push()reduce: ƒ reduce()reduceRight: ƒ reduceRight()reverse: ƒ reverse()shift: ƒ shift()slice: ƒ slice()some: ƒ some()sort: ƒ sort()splice: ƒ splice()toLocaleString: ƒ toLocaleString()toReversed: ƒ toReversed()toSorted: ƒ toSorted()toSpliced: ƒ toSpliced()toString: ƒ toString()unshift: ƒ unshift()values: ƒ values()with: ƒ with()Symbol(Symbol.iterator): ƒ values()Symbol(Symbol.unscopables): {at: true, copyWithin: true, entries: true, fill: true, find: true, …}[[Prototype]]: Objectd_bms: Array(1)0: chnName: "BMS"dispIdx: 1engName: "BMS"id: 1rtvList: Array(62)0: dispType: 12fieldChnName: "BMS 簇电池簇状态"fieldEngName: "BMS cluster  statious"fieldId: 412051fieldName: "rtv_dev_stat"hisIdx: 0hisPeriod: 0id: 412001051refXid: 21rowId: 1state: 0tableId: 412tableName: "d_bms"valueType: 5[[Prototype]]: Object1: dispType: 7fieldChnName: "BMS 簇组电压"fieldEngName: "BMS   Cluster voltage"fieldId: 412052fieldName: "rtv_volt"hisIdx: 61hisPeriod: 1id: 412001052refXid: 0rowId: 1state: 0tableId: 412tableName: "d_bms"valueType: 7[[Prototype]]: Object2: {id: 412001053, tableId: 412, rowId: 1, fieldId: 412053, hisPeriod: 1, …}3: {id: 412001054, tableId: 412, rowId: 1, fieldId: 412054, hisPeriod: 0, …}4: {id: 412001055, tableId: 412, rowId: 1, fieldId: 412055, hisPeriod: 0, …}5: {id: 412001056, tableId: 412, rowId: 1, fieldId: 412056, hisPeriod: 1, …}6: {id: 412001057, tableId: 412, rowId: 1, fieldId: 412057, hisPeriod: 1, …}7: {id: 412001058, tableId: 412, rowId: 1, fieldId: 412058, hisPeriod: 1, …}8: {id: 412001061, tableId: 412, rowId: 1, fieldId: 412061, hisPeriod: 1, …}9: {id: 412001062, tableId: 412, rowId: 1, fieldId: 412062, hisPeriod: 1, …}10: {id: 412001065, tableId: 412, rowId: 1, fieldId: 412065, hisPeriod: 1, …}11: {id: 412001076, tableId: 412, rowId: 1, fieldId: 412076, hisPeriod: 1, …}12: {id: 412001079, tableId: 412, rowId: 1, fieldId: 412079, hisPeriod: 1, …}13: {id: 412001080, tableId: 412, rowId: 1, fieldId: 412080, hisPeriod: 1, …}14: {id: 412001083, tableId: 412, rowId: 1, fieldId: 412083, hisPeriod: 1, …}15: {id: 412001084, tableId: 412, rowId: 1, fieldId: 412084, hisPeriod: 1, …}16: {id: 412001085, tableId: 412, rowId: 1, fieldId: 412085, hisPeriod: 1, …}17: {id: 412001086, tableId: 412, rowId: 1, fieldId: 412086, hisPeriod: 1, …}18: {id: 412001087, tableId: 412, rowId: 1, fieldId: 412087, hisPeriod: 1, …}19: {id: 412001100, tableId: 412, rowId: 1, fieldId: 412100, hisPeriod: 0, …}20: {id: 412001101, tableId: 412, rowId: 1, fieldId: 412101, hisPeriod: 0, …}21: {id: 412001102, tableId: 412, rowId: 1, fieldId: 412102, hisPeriod: 0, …}22: {id: 412001103, tableId: 412, rowId: 1, fieldId: 412103, hisPeriod: 0, …}23: {id: 412001104, tableId: 412, rowId: 1, fieldId: 412104, hisPeriod: 0, …}24: {id: 412001105, tableId: 412, rowId: 1, fieldId: 412105, hisPeriod: 0, …}25: {id: 412001109, tableId: 412, rowId: 1, fieldId: 412109, hisPeriod: 0, …}26: {id: 412001110, tableId: 412, rowId: 1, fieldId: 412110, hisPeriod: 0, …}27: {id: 412001111, tableId: 412, rowId: 1, fieldId: 412111, hisPeriod: 0, …}28: {id: 412001112, tableId: 412, rowId: 1, fieldId: 412112, hisPeriod: 0, …}29: {id: 412001113, tableId: 412, rowId: 1, fieldId: 412113, hisPeriod: 0, …}30: {id: 412001114, tableId: 412, rowId: 1, fieldId: 412114, hisPeriod: 0, …}31: {id: 412001115, tableId: 412, rowId: 1, fieldId: 412115, hisPeriod: 0, …}32: {id: 412001116, tableId: 412, rowId: 1, fieldId: 412116, hisPeriod: 0, …}33: {id: 412001117, tableId: 412, rowId: 1, fieldId: 412117, hisPeriod: 0, …}34: {id: 412001118, tableId: 412, rowId: 1, fieldId: 412118, hisPeriod: 0, …}35: {id: 412001119, tableId: 412, rowId: 1, fieldId: 412119, hisPeriod: 0, …}36: {id: 412001120, tableId: 412, rowId: 1, fieldId: 412120, hisPeriod: 0, …}37: {id: 412001127, tableId: 412, rowId: 1, fieldId: 412127, hisPeriod: 0, …}38: {id: 412001128, tableId: 412, rowId: 1, fieldId: 412128, hisPeriod: 0, …}39: {id: 412001129, tableId: 412, rowId: 1, fieldId: 412129, hisPeriod: 0, …}40: {id: 412001130, tableId: 412, rowId: 1, fieldId: 412130, hisPeriod: 0, …}41: {id: 412001131, tableId: 412, rowId: 1, fieldId: 412131, hisPeriod: 0, …}42: {id: 412001132, tableId: 412, rowId: 1, fieldId: 412132, hisPeriod: 0, …}43: {id: 412001144, tableId: 412, rowId: 1, fieldId: 412144, hisPeriod: 0, …}44: {id: 412001145, tableId: 412, rowId: 1, fieldId: 412145, hisPeriod: 0, …}45: {id: 412001146, tableId: 412, rowId: 1, fieldId: 412146, hisPeriod: 0, …}46: {id: 412001147, tableId: 412, rowId: 1, fieldId: 412147, hisPeriod: 0, …}47: {id: 412001150, tableId: 412, rowId: 1, fieldId: 412150, hisPeriod: 0, …}48: {id: 412001151, tableId: 412, rowId: 1, fieldId: 412151, hisPeriod: 0, …}49: {id: 412001152, tableId: 412, rowId: 1, fieldId: 412152, hisPeriod: 0, …}50: {id: 412001153, tableId: 412, rowId: 1, fieldId: 412153, hisPeriod: 0, …}51: {id: 412001154, tableId: 412, rowId: 1, fieldId: 412154, hisPeriod: 0, …}52: {id: 412001155, tableId: 412, rowId: 1, fieldId: 412155, hisPeriod: 0, …}53: {id: 412001156, tableId: 412, rowId: 1, fieldId: 412156, hisPeriod: 0, …}54: {id: 412001157, tableId: 412, rowId: 1, fieldId: 412157, hisPeriod: 0, …}55: {id: 412001158, tableId: 412, rowId: 1, fieldId: 412158, hisPeriod: 1, …}56: {id: 412001161, tableId: 412, rowId: 1, fieldId: 412161, hisPeriod: 1, …}57: {id: 412001174, tableId: 412, rowId: 1, fieldId: 412174, hisPeriod: 1, …}58: {id: 412001175, tableId: 412, rowId: 1, fieldId: 412175, hisPeriod: 1, …}59: {id: 412001400, tableId: 412, rowId: 1, fieldId: 412400, state: 0, …}60: {id: 412001401, tableId: 412, rowId: 1, fieldId: 412401, state: 0, …}61: {id: 412001402, tableId: 412, rowId: 1, fieldId: 412402, state: 0, …}length: 62[[Prototype]]: Array(0)tableChnName: "电池管理系统定义表"tableEngName: "Battery manage system define"tableId: 412tableName: "d_bms"[[Prototype]]: Objectlength: 1[[Prototype]]: Array(0)d_grid: [{…}]d_pcs: [{…}][[Prototype]]: Objectfunc: "menu"[[Prototype]]: Object
VM2768:28 设备类型: d_air_condition
VM2768:30 设备名称: 海悟空调, 英文名称: air-conditioning
VM2768:28 设备类型: d_pcs
VM2768:30 设备名称: PCS, 英文名称: PCS
VM2768:28 设备类型: d_bms
VM2768:30 设备名称: BMS, 英文名称: BMS
VM2768:28 设备类型: d_grid
VM2768:30 设备名称: 安科瑞电表, 英文名称: meter
VM2768:52 WebSocket连接已关闭
socket-3eTMyObt.js:1 CloseEvent {isTrusted: true, wasClean: false, code: 1000, reason: 'Bye', type: 'close', …} ' WS onclose'
